Arguments: 
  D:\Program Files\nodejs\node.exe C:\Program Files (x86)\Yarn\bin\yarn.js add @tarojs/taro-h5/dist/taroApis --silent --no-progress

PATH: 
  D:\Program Files\nodejs\node_modules\npm\node_modules\npm-lifecycle\node-gyp-bin;D:\longshine\zo-taro-ui\node_modules\.bin;C:\Users\binperson\nvmw\nodejs\v12.16.1;D:\VulkanSDK\1.0.33.0\Bin;C:\Program Files (x86)\Common Files\Oracle\Java\javapath;C:\Program Files (x86)\Intel\iCLS Client\;C:\Program Files\Intel\iCLS Client\;C:\WINDOWS\system32;C:\WINDOWS;C:\WINDOWS\System32\Wbem;C:\WINDOWS\System32\WindowsPowerShell\v1.0\;C:\Program Files (x86)\Intel\Intel(R) Management Engine Components\DAL;C:\Program Files\Intel\Intel(R) Management Engine Components\DAL;C:\Program Files (x86)\Intel\Intel(R) Management Engine Components\IPT;C:\Program Files\Intel\Intel(R) Management Engine Components\IPT;D:\Program Files\nodejs\;D:\Program Files\Git\cmd;C:\Go\bin;C:\WINDOWS\System32\OpenSSH\;C:\ProgramData\chocolatey\bin;C:\Program Files (x86)\Yarn\bin\;D:\Program Files\CMake\bin;C:\Program Files\Microsoft SQL Server\130\Tools\Binn\;C:\Users\binperson\AppData\Local\Microsoft\WindowsApps;C:\Users\binperson\AppData\Roaming\npm;D:\Program Files\Microsoft VS Code\bin;C:\Users\binperson\go\bin;D:\Users\binperson\AppData\Local\Programs\Fiddler;D:\Program Files (x86)\Egret\Egret Wing 3\bin;D:\flutter\bin;C:\Users\binperson\AppData\Local\Yarn\bin;D:\Program Files\JetBrains\CLion 2019.2.4\bin;;C:\Users\binperson\AppData\Local\Microsoft\WindowsApps;

Yarn version: 
  1.16.0

Node version: 
  12.16.1

Platform: 
  win32 x64

Trace: 
  Error: https://registry.npm.taobao.org/@tarojs%2ftaro-h5/dist/taroApis: [not_found] document not found
      at Request.params.callback [as _callback] (C:\Program Files (x86)\Yarn\lib\cli.js:65200:18)
      at Request.self.callback (C:\Program Files (x86)\Yarn\lib\cli.js:129590:22)
      at Request.emit (events.js:311:20)
      at Request.<anonymous> (C:\Program Files (x86)\Yarn\lib\cli.js:130562:10)
      at Request.emit (events.js:311:20)
      at Gunzip.<anonymous> (C:\Program Files (x86)\Yarn\lib\cli.js:130484:12)
      at Object.onceWrapper (events.js:417:28)
      at Gunzip.emit (events.js:323:22)
      at endReadableNT (_stream_readable.js:1204:12)
      at processTicksAndRejections (internal/process/task_queues.js:84:21)

npm manifest: 
  {
    "name": "zo-taro-ui",
    "version": "1.0.0",
    "private": true,
    "description": "zo-taro-ui",
    "templateInfo": {
      "name": "redux",
      "typescript": true,
      "css": "sass"
    },
    "scripts": {
      "build:component": "cross-env TARO_BUILD_TYPE=component taro build --ui",
      "build:weapp": "taro build --type weapp",
      "build:swan": "taro build --type swan",
      "build:alipay": "taro build --type alipay",
      "build:tt": "taro build --type tt",
      "build:h5": "taro build --type h5",
      "build:rn": "taro build --type rn",
      "build:qq": "taro build --type qq",
      "build:quickapp": "taro build --type quickapp",
      "dev:weapp": "npm run build:weapp -- --watch",
      "dev:swan": "npm run build:swan -- --watch",
      "dev:alipay": "npm run build:alipay -- --watch",
      "dev:tt": "npm run build:tt -- --watch",
      "dev:h5": "npm run build:h5 -- --watch",
      "dev:rn": "npm run build:rn -- --watch",
      "dev:qq": "npm run build:qq -- --watch",
      "dev:quickapp": "npm run build:quickapp -- --watch"
    },
    "author": "",
    "license": "MIT",
    "dependencies": {
      "@tarojs/async-await": "1.3.19",
      "@tarojs/components": "1.3.19",
      "@tarojs/components-qa": "1.3.19",
      "@tarojs/redux": "1.3.19",
      "@tarojs/redux-h5": "1.3.19",
      "@tarojs/router": "1.3.19",
      "@tarojs/taro": "1.3.19",
      "@tarojs/taro-alipay": "1.3.19",
      "@tarojs/taro-h5": "1.3.19",
      "@tarojs/taro-qq": "1.3.19",
      "@tarojs/taro-quickapp": "1.3.19",
      "@tarojs/taro-swan": "1.3.19",
      "@tarojs/taro-tt": "1.3.19",
      "@tarojs/taro-weapp": "1.3.19",
      "@tarojs/taro-rn": "1.3.19",
      "nervjs": "^1.5.5",
      "nerv-devtools": "^1.5.5",
      "redux": "^4.0.0",
      "redux-logger": "^3.0.6",
      "redux-thunk": "^2.3.0"
    },
    "devDependencies": {
      "@tarojs/plugin-babel": "1.3.19",
      "@tarojs/plugin-csso": "1.3.19",
      "@tarojs/plugin-sass": "1.3.19",
      "@tarojs/plugin-uglifyjs": "1.3.19",
      "@tarojs/webpack-runner": "1.3.19",
      "@types/react": "^16.4.8",
      "@types/webpack-env": "^1.13.6",
      "@typescript-eslint/eslint-plugin": "^2.13.0",
      "@typescript-eslint/parser": "^2.13.0",
      "babel-eslint": "^8.2.3",
      "babel-plugin-transform-class-properties": "^6.24.1",
      "babel-plugin-transform-decorators-legacy": "^1.3.4",
      "babel-plugin-transform-jsx-stylesheet": "^0.6.5",
      "babel-plugin-transform-object-rest-spread": "^6.26.0",
      "babel-preset-env": "^1.6.1",
      "cross-env": "^7.0.2",
      "eslint": "^5.16.0",
      "eslint-config-taro": "1.3.19",
      "eslint-plugin-import": "^2.12.0",
      "eslint-plugin-react": "^7.8.2",
      "eslint-plugin-react-hooks": "^1.6.1",
      "eslint-plugin-taro": "1.3.19",
      "stylelint": "9.3.0",
      "stylelint-config-taro-rn": "1.3.19",
      "stylelint-taro-rn": "1.3.19",
      "typescript": "^3.0.1"
    }
  }

yarn manifest: 
  No manifest

Lockfile: 
  # THIS IS AN AUTOGENERATED FILE. DO NOT EDIT THIS FILE DIRECTLY.
  # yarn lockfile v1
